This is LuaTeX, Version 1.12.0 (MiKTeX 2.9.7400 64-bit)  (format=luatex 2020.4.25)  25 APR 2020 15:20
 restricted system commands enabled.
**bmc_article.bbl
(./bmc_article.bbl
! Undefined control sequence.
l.3 \begin
        {thebibliography}{13}
The control sequence at the end of the top line
of your error message was never \def'ed. If you have
misspelled it (e.g., `\hobx'), type `I' and the correct
spelling (e.g., `I\hbox'). Otherwise just continue,
and I'll forget about whatever was undefined.

! Undefined control sequence.
l.46 \bibitem
           {koon}
The control sequence at the end of the top line
of your error message was never \def'ed. If you have
misspelled it (e.g., `\hobx'), type `I' and the correct
spelling (e.g., `I\hbox'). Otherwise just continue,
and I'll forget about whatever was undefined.

! Undefined control sequence.
l.47 \begin
         {barticle}
The control sequence at the end of the top line
of your error message was never \def'ed. If you have
misspelled it (e.g., `\hobx'), type `I' and the correct
spelling (e.g., `I\hbox'). Otherwise just continue,
and I'll forget about whatever was undefined.

! Undefined control sequence.
\bvolume #1->\textbf 
                     {#1}
l.53 \bvolume{13}
               ,
The control sequence at the end of the top line
of your error message was never \def'ed. If you have
misspelled it (e.g., `\hobx'), type `I' and the correct
spelling (e.g., `I\hbox'). Otherwise just continue,
and I'll forget about whatever was undefined.

[1{C:/Users/Ali Fakhoury/AppData/Local/MiKTeX/2.9/pdftex/config/pdftex.map}])<C:
/Users/Ali Fakhoury/AppData/Local/Programs/MiKTeX 2.9/fonts/type1/public/amsfont
s/cm/cmr10.pfb>
Output written on bmc_article.pdf (1 page, 19114 bytes).

PDF statistics: 10 PDF objects out of 1000 (max. 8388607)
 0 named destinations out of 1000 (max. 131072)
 1 words of extra memory for PDF output out of 10000 (max. 100000000)

